1561947019865	mozrunner::runner	INFO	Running command: "/usr/bin/firefox" "-marionette" "-foreground" "-no-remote" "-profile" "/tmp/rust_mozprofile.joQ6okv3w3gK"
1561947020338	addons.webextension.screenshots@mozilla.org	WARN	Loading extension 'screenshots@mozilla.org': Reading manifest: Invalid extension permission: mozillaAddons
1561947020338	addons.webextension.screenshots@mozilla.org	WARN	Loading extension 'screenshots@mozilla.org': Reading manifest: Invalid extension permission: resource://pdf.js/
1561947020339	addons.webextension.screenshots@mozilla.org	WARN	Loading extension 'screenshots@mozilla.org': Reading manifest: Invalid extension permission: about:reader*
1561947022350	Marionette	INFO	Listening on port 35839
1561947022391	Marionette	WARN	TLS certificate errors will be ignored for this session
Exiting due to channel error.
[GFX1-]: Receive IPC close with reason=AbnormalShutdown
[Child 28604, Chrome_ChildThread] WARNING: pipe error (3): Connection reset by peer: file /build/firefox-S440dE/firefox-67.0.4+linuxmint1+tessa/ipc/chromium/src/chrome/common/ipc_channel_posix.cc, line 357
Exiting due to channel error.
[GFX1-]: Receive IPC close with reason=AbnormalShutdown
[Child 28583, Chrome_ChildThread] WARNING: pipe error (3): Connection reset by peer: file /build/firefox-S440dE/firefox-67.0.4+linuxmint1+tessa/ipc/chromium/src/chrome/common/ipc_channel_posix.cc, line 357
Exiting due to channel error.
1561947119311	mozrunner::runner	INFO	Running command: "/usr/bin/firefox" "-marionette" "-foreground" "-no-remote" "-profile" "/tmp/rust_mozprofile.nC2UztYAHjvt"
1561947119992	addons.webextension.screenshots@mozilla.org	WARN	Loading extension 'screenshots@mozilla.org': Reading manifest: Invalid extension permission: mozillaAddons
1561947119993	addons.webextension.screenshots@mozilla.org	WARN	Loading extension 'screenshots@mozilla.org': Reading manifest: Invalid extension permission: resource://pdf.js/
1561947119993	addons.webextension.screenshots@mozilla.org	WARN	Loading extension 'screenshots@mozilla.org': Reading manifest: Invalid extension permission: about:reader*
1561947122117	Marionette	INFO	Listening on port 36655
1561947123048	Marionette	WARN	TLS certificate errors will be ignored for this session
[Parent 28768, Gecko_IOThread] WARNING: pipe error (82): Connection reset by peer: file /build/firefox-S440dE/firefox-67.0.4+linuxmint1+tessa/ipc/chromium/src/chrome/common/ipc_channel_posix.cc, line 357
[Parent 28768, Gecko_IOThread] WARNING: pipe error (79): Connection reset by peer: file /build/firefox-S440dE/firefox-67.0.4+linuxmint1+tessa/ipc/chromium/src/chrome/common/ipc_channel_posix.cc, line 357
1561947129750	Marionette	INFO	Stopped listening on port 36655
1561947224973	mozrunner::runner	INFO	Running command: "/usr/bin/firefox" "-marionette" "-foreground" "-no-remote" "-profile" "/tmp/rust_mozprofile.gbCIYzD6X9ly"
1561947225446	addons.webextension.screenshots@mozilla.org	WARN	Loading extension 'screenshots@mozilla.org': Reading manifest: Invalid extension permission: mozillaAddons
1561947225446	addons.webextension.screenshots@mozilla.org	WARN	Loading extension 'screenshots@mozilla.org': Reading manifest: Invalid extension permission: resource://pdf.js/
1561947225447	addons.webextension.screenshots@mozilla.org	WARN	Loading extension 'screenshots@mozilla.org': Reading manifest: Invalid extension permission: about:reader*
1561947227545	Marionette	INFO	Listening on port 42371
1561947227586	Marionette	WARN	TLS certificate errors will be ignored for this session
console.error: BroadcastService: 
  receivedBroadcastMessage: handler for
  remote-settings/monitor_changes
  threw error:
  Message: Error: Polling for changes failed: http://%(server)s/dummy/blocklist//buckets/monitor/collections/changes/records?_expected=%221561939213176%22 is not a valid URL..
  Stack:
    remoteSettingsFunction/remoteSettings.pollChanges@resource://services-settings/remote-settings.js:203:13

JavaScript error: https://www.google.com/xjs/_/js/k=xjs.s.en_GB.buvpfKBXE4A.O/ck=xjs.s.1kxcqpsewy0sc.L.F4.O/m=Fkg7bd,HcFEGb,IvlUe,MC8mtf,OF7gzc,RMhBfe,T4BAC,TJw5qb,TbaHGc,Y33vzc,ZyRBae,cdos,cr,hsm,iDPoPb,jsa,mvYTse,tg8oTe,uz938c,vWNDde,ws9Tlc,yQ43ff,d,csi/am=AAAAi4CZbgB4_o8CANQFACBgF9jIAgEIyFAh/d=1/dg=2/rs=ACT90oGOGTl58jdeGv9RT0Vk_3BFx7yFZA, line 170: URIError: malformed URI sequence
JavaScript error: https://www.google.com/xjs/_/js/k=xjs.s.en_GB.buvpfKBXE4A.O/ck=xjs.s.1kxcqpsewy0sc.L.F4.O/m=Fkg7bd,HcFEGb,IvlUe,MC8mtf,OF7gzc,RMhBfe,T4BAC,TJw5qb,TbaHGc,Y33vzc,ZyRBae,cdos,cr,hsm,iDPoPb,jsa,mvYTse,tg8oTe,uz938c,vWNDde,ws9Tlc,yQ43ff,d,csi/am=AAAAi4CZbgB4_o8CANQFACBgF9jIAgEIyFAh/d=1/dg=2/rs=ACT90oGOGTl58jdeGv9RT0Vk_3BFx7yFZA, line 170: URIError: malformed URI sequence
Exiting due to channel error.
[GFX1-]: Receive IPC close with reason=AbnormalShutdown
[Child 29824, Chrome_ChildThread] WARNING: pipe error: Broken pipe: file /build/firefox-S440dE/firefox-67.0.4+linuxmint1+tessa/ipc/chromium/src/chrome/common/ipc_channel_posix.cc, line 726
Exiting due to channel error.
[GFX1-]: Receive IPC close with reason=AbnormalShutdown
[Child 29803, Chrome_ChildThread] WARNING: pipe error (3): Connection reset by peer: file /build/firefox-S440dE/firefox-67.0.4+linuxmint1+tessa/ipc/chromium/src/chrome/common/ipc_channel_posix.cc, line 357
Exiting due to channel error.
1561994368884	mozrunner::runner	INFO	Running command: "/usr/bin/firefox" "-marionette" "-foreground" "-no-remote" "-profile" "/tmp/rust_mozprofile.hHd0CztyYVjG"
1561994369329	addons.webextension.screenshots@mozilla.org	WARN	Loading extension 'screenshots@mozilla.org': Reading manifest: Invalid extension permission: mozillaAddons
1561994369330	addons.webextension.screenshots@mozilla.org	WARN	Loading extension 'screenshots@mozilla.org': Reading manifest: Invalid extension permission: resource://pdf.js/
1561994369330	addons.webextension.screenshots@mozilla.org	WARN	Loading extension 'screenshots@mozilla.org': Reading manifest: Invalid extension permission: about:reader*
1562033081573	mozrunner::runner	INFO	Running command: "/usr/bin/firefox" "-marionette" "-foreground" "-no-remote" "-profile" "/tmp/rust_mozprofile.wuRpTH8YIdwX"
1562033082081	addons.webextension.screenshots@mozilla.org	WARN	Loading extension 'screenshots@mozilla.org': Reading manifest: Invalid extension permission: mozillaAddons
1562033082081	addons.webextension.screenshots@mozilla.org	WARN	Loading extension 'screenshots@mozilla.org': Reading manifest: Invalid extension permission: resource://pdf.js/
1562033082081	addons.webextension.screenshots@mozilla.org	WARN	Loading extension 'screenshots@mozilla.org': Reading manifest: Invalid extension permission: about:reader*
1562033084230	Marionette	INFO	Listening on port 33357
1562033084292	Marionette	WARN	TLS certificate errors will be ignored for this session
console.error: BroadcastService: 
  receivedBroadcastMessage: handler for
  remote-settings/monitor_changes
  threw error:
  Message: Error: Polling for changes failed: http://%(server)s/dummy/blocklist//buckets/monitor/collections/changes/records?_expected=%221562023808306%22 is not a valid URL..
  Stack:
    remoteSettingsFunction/remoteSettings.pollChanges@resource://services-settings/remote-settings.js:203:13

JavaScript error: https://www.google.com/xjs/_/js/k=xjs.s.en_GB._GxM5jPsnwI.O/ck=xjs.s.1l6z0lex7zbhq.L.F4.O/m=Fkg7bd,HcFEGb,IvlUe,MC8mtf,OF7gzc,RMhBfe,T4BAC,TJw5qb,TbaHGc,Y33vzc,ZyRBae,cdos,cr,hsm,iDPoPb,jsa,mvYTse,tg8oTe,uz938c,vWNDde,ws9Tlc,yQ43ff,d,csi/am=AAAAi4CZbgB4_o8CANQFACBgF9jIAgEIyFAh/d=1/dg=2/rs=ACT90oG4ZY6hEIOfF0ACwnsR3CQ25dlDEQ, line 170: URIError: malformed URI sequence
JavaScript error: https://www.google.com/xjs/_/js/k=xjs.s.en_GB._GxM5jPsnwI.O/ck=xjs.s.1l6z0lex7zbhq.L.F4.O/m=Fkg7bd,HcFEGb,IvlUe,MC8mtf,OF7gzc,RMhBfe,T4BAC,TJw5qb,TbaHGc,Y33vzc,ZyRBae,cdos,cr,hsm,iDPoPb,jsa,mvYTse,tg8oTe,uz938c,vWNDde,ws9Tlc,yQ43ff,d,csi/am=AAAAi4CZbgB4_o8CANQFACBgF9jIAgEIyFAh/d=1/dg=2/rs=ACT90oG4ZY6hEIOfF0ACwnsR3CQ25dlDEQ, line 170: URIError: malformed URI sequence
console.error: BroadcastService: 
  receivedBroadcastMessage: handler for
  remote-settings/monitor_changes
  threw error:
  Message: Error: Polling for changes failed: http://%(server)s/dummy/blocklist//buckets/monitor/collections/changes/records?_expected=%221562061057121%22 is not a valid URL..
  Stack:
    remoteSettingsFunction/remoteSettings.pollChanges@resource://services-settings/remote-settings.js:203:13

Exiting due to channel error.
[GFX1-]: Receive IPC close with reason=AbnormalShutdown
[Child 17556, Chrome_ChildThread] WARNING: pipe error (3): Connection reset by peer: file /build/firefox-S440dE/firefox-67.0.4+linuxmint1+tessa/ipc/chromium/src/chrome/common/ipc_channel_posix.cc, line 357
Exiting due to channel error.
Exiting due to channel error.
1562183353957	mozrunner::runner	INFO	Running command: "/usr/bin/firefox" "-marionette" "-foreground" "-no-remote" "-profile" "/tmp/rust_mozprofile.2Nk19d1paQk4"
1562183354454	addons.webextension.screenshots@mozilla.org	WARN	Loading extension 'screenshots@mozilla.org': Reading manifest: Invalid extension permission: mozillaAddons
1562183354454	addons.webextension.screenshots@mozilla.org	WARN	Loading extension 'screenshots@mozilla.org': Reading manifest: Invalid extension permission: resource://pdf.js/
1562183354454	addons.webextension.screenshots@mozilla.org	WARN	Loading extension 'screenshots@mozilla.org': Reading manifest: Invalid extension permission: about:reader*
1562183356499	Marionette	INFO	Listening on port 43279
1562183356574	Marionette	WARN	TLS certificate errors will be ignored for this session
console.error: BroadcastService: 
  receivedBroadcastMessage: handler for
  remote-settings/monitor_changes
  threw error:
  Message: Error: Polling for changes failed: http://%(server)s/dummy/blocklist//buckets/monitor/collections/changes/records?_expected=%221562169510096%22 is not a valid URL..
  Stack:
    remoteSettingsFunction/remoteSettings.pollChanges@resource://services-settings/remote-settings.js:203:13

console.error: BroadcastService: 
  receivedBroadcastMessage: handler for
  remote-settings/monitor_changes
  threw error:
  Message: Error: Polling for changes failed: http://%(server)s/dummy/blocklist//buckets/monitor/collections/changes/records?_expected=%221562184392692%22 is not a valid URL..
  Stack:
    remoteSettingsFunction/remoteSettings.pollChanges@resource://services-settings/remote-settings.js:203:13

Exiting due to channel error.
Exiting due to channel error.
Exiting due to channel error.
1563038484497	mozrunner::runner	INFO	Running command: "/usr/bin/firefox" "-marionette" "-foreground" "-no-remote" "-profile" "/tmp/rust_mozprofile.h1LY0CX4yhzO"
1563038485025	addons.webextension.screenshots@mozilla.org	WARN	Loading extension 'screenshots@mozilla.org': Reading manifest: Invalid extension permission: mozillaAddons
1563038485025	addons.webextension.screenshots@mozilla.org	WARN	Loading extension 'screenshots@mozilla.org': Reading manifest: Invalid extension permission: resource://pdf.js/
1563038485025	addons.webextension.screenshots@mozilla.org	WARN	Loading extension 'screenshots@mozilla.org': Reading manifest: Invalid extension permission: about:reader*
1563038487145	Marionette	INFO	Listening on port 43323
1563038487211	Marionette	WARN	TLS certificate errors will be ignored for this session
console.error: BroadcastService: 
  receivedBroadcastMessage: handler for
  remote-settings/monitor_changes
  threw error:
  Message: Error: Polling for changes failed: http://%(server)s/dummy/blocklist//buckets/monitor/collections/changes/records?_expected=%221562976008400%22 is not a valid URL..
  Stack:
    remoteSettingsFunction/remoteSettings.pollChanges@resource://services-settings/remote-settings.js:203:13

JavaScript error: https://www.google.com/xjs/_/js/k=xjs.s.en_GB.psu1loQ4uXE.O/ck=xjs.s.h06r6vim4hnk.L.F4.O/m=Fkg7bd,HcFEGb,IvlUe,MC8mtf,OF7gzc,RMhBfe,T4BAC,TJw5qb,TbaHGc,Y33vzc,ZyRBae,cdos,cr,hsm,iDPoPb,jsa,mvYTse,tg8oTe,uz938c,vWNDde,ws9Tlc,yQ43ff,d,csi/am=AAAAFgFmugHg-T8KAFAXAIBAu8AGCwQgIMNC/d=1/dg=2/rs=ACT90oFLruy2QUL51bK6dkt62eRMuJZlOw, line 172: URIError: malformed URI sequence

(firefox:14260): GLib-GObject-WARNING **: 15:26:30.559: ../../../../gobject/gsignal.c:3492: signal name 'selection_changed' is invalid for instance '0x7eff1f2fd0b0' of type 'MaiAtkType139'

(firefox:14260): GLib-GObject-WARNING **: 15:26:37.047: ../../../../gobject/gsignal.c:3492: signal name 'selection_changed' is invalid for instance '0x7eff216cbf60' of type 'MaiAtkType139'

(firefox:14260): GLib-GObject-WARNING **: 15:26:37.501: ../../../../gobject/gsignal.c:3492: signal name 'selection_changed' is invalid for instance '0x7eff219d2a10' of type 'MaiAtkType139'

(firefox:14260): GLib-GObject-WARNING **: 15:26:37.882: ../../../../gobject/gsignal.c:3492: signal name 'selection_changed' is invalid for instance '0x7eff21d02240' of type 'MaiAtkType139'

(firefox:14260): GLib-GObject-WARNING **: 15:26:38.266: ../../../../gobject/gsignal.c:3492: signal name 'selection_changed' is invalid for instance '0x7eff21d3b380' of type 'MaiAtkType139'

(firefox:14260): GLib-GObject-WARNING **: 15:26:38.635: ../../../../gobject/gsignal.c:3492: signal name 'selection_changed' is invalid for instance '0x7eff21d9f3d0' of type 'MaiAtkType139'

(firefox:14260): GLib-GObject-WARNING **: 15:26:39.163: ../../../../gobject/gsignal.c:3492: signal name 'selection_changed' is invalid for instance '0x7eff21d11f60' of type 'MaiAtkType139'

(firefox:14260): GLib-GObject-WARNING **: 15:26:47.751: ../../../../gobject/gsignal.c:3492: signal name 'selection_changed' is invalid for instance '0x7eff216e9ec0' of type 'MaiAtkType139'

(firefox:14260): GLib-GObject-WARNING **: 15:26:48.271: ../../../../gobject/gsignal.c:3492: signal name 'selection_changed' is invalid for instance '0x7eff21d4b4c0' of type 'MaiAtkType139'

(firefox:14260): GLib-GObject-WARNING **: 15:26:48.712: ../../../../gobject/gsignal.c:3492: signal name 'selection_changed' is invalid for instance '0x7eff221b3290' of type 'MaiAtkType139'

(firefox:14260): GLib-GObject-WARNING **: 15:26:49.574: ../../../../gobject/gsignal.c:3492: signal name 'selection_changed' is invalid for instance '0x7eff1ce12b50' of type 'MaiAtkType139'

(firefox:14260): GLib-GObject-WARNING **: 15:26:50.084: ../../../../gobject/gsignal.c:3492: signal name 'selection_changed' is invalid for instance '0x7eff1f256830' of type 'MaiAtkType139'

(firefox:14260): GLib-GObject-WARNING **: 15:26:50.493: ../../../../gobject/gsignal.c:3492: signal name 'selection_changed' is invalid for instance '0x7eff2119d920' of type 'MaiAtkType139'

(firefox:14260): GLib-GObject-WARNING **: 15:26:51.206: ../../../../gobject/gsignal.c:3492: signal name 'selection_changed' is invalid for instance '0x7eff216e9060' of type 'MaiAtkType139'

(firefox:14260): GLib-GObject-WARNING **: 15:26:51.742: ../../../../gobject/gsignal.c:3492: signal name 'selection_changed' is invalid for instance '0x7eff21d112e0' of type 'MaiAtkType139'

(firefox:14260): GLib-GObject-WARNING **: 15:26:52.078: ../../../../gobject/gsignal.c:3492: signal name 'selection_changed' is invalid for instance '0x7eff21d9fe70' of type 'MaiAtkType139'

(firefox:14260): GLib-GObject-WARNING **: 15:26:52.442: ../../../../gobject/gsignal.c:3492: signal name 'selection_changed' is invalid for instance '0x7eff221084c0' of type 'MaiAtkType139'

(firefox:14260): GLib-GObject-WARNING **: 15:26:52.986: ../../../../gobject/gsignal.c:3492: signal name 'selection_changed' is invalid for instance '0x7eff221b3d80' of type 'MaiAtkType139'

(firefox:14260): GLib-GObject-WARNING **: 15:26:53.459: ../../../../gobject/gsignal.c:3492: signal name 'selection_changed' is invalid for instance '0x7eff221c39c0' of type 'MaiAtkType139'

(firefox:14260): GLib-GObject-WARNING **: 15:26:54.143: ../../../../gobject/gsignal.c:3492: signal name 'selection_changed' is invalid for instance '0x7eff221c7dd0' of type 'MaiAtkType139'

(firefox:14260): GLib-GObject-WARNING **: 15:26:54.471: ../../../../gobject/gsignal.c:3492: signal name 'selection_changed' is invalid for instance '0x7eff221c7d30' of type 'MaiAtkType139'

(firefox:14260): GLib-GObject-WARNING **: 15:26:54.923: ../../../../gobject/gsignal.c:3492: signal name 'selection_changed' is invalid for instance '0x7eff221d4d80' of type 'MaiAtkType139'

(firefox:14260): GLib-GObject-WARNING **: 15:26:55.494: ../../../../gobject/gsignal.c:3492: signal name 'selection_changed' is invalid for instance '0x7eff221e7380' of type 'MaiAtkType139'

(firefox:14260): GLib-GObject-WARNING **: 15:27:25.651: ../../../../gobject/gsignal.c:3492: signal name 'selection_changed' is invalid for instance '0x7eff18ad9c90' of type 'MaiAtkType139'

(firefox:14260): GLib-GObject-WARNING **: 15:27:26.507: ../../../../gobject/gsignal.c:3492: signal name 'selection_changed' is invalid for instance '0x7eff1cb76f60' of type 'MaiAtkType139'

(firefox:14260): GLib-GObject-WARNING **: 15:27:26.916: ../../../../gobject/gsignal.c:3492: signal name 'selection_changed' is invalid for instance '0x7eff1f1c74c0' of type 'MaiAtkType139'

(firefox:14260): GLib-GObject-WARNING **: 15:27:27.321: ../../../../gobject/gsignal.c:3492: signal name 'selection_changed' is invalid for instance '0x7eff210df6f0' of type 'MaiAtkType139'

(firefox:14260): GLib-GObject-WARNING **: 15:27:28.178: ../../../../gobject/gsignal.c:3492: signal name 'selection_changed' is invalid for instance '0x7eff219379c0' of type 'MaiAtkType139'

(firefox:14260): GLib-GObject-WARNING **: 15:28:08.711: ../../../../gobject/gsignal.c:3492: signal name 'selection_changed' is invalid for instance '0x7eff221c3ab0' of type 'MaiAtkType139'

(firefox:14260): GLib-GObject-WARNING **: 15:28:09.185: ../../../../gobject/gsignal.c:3492: signal name 'selection_changed' is invalid for instance '0x7eff221ce560' of type 'MaiAtkType139'

(firefox:14260): GLib-GObject-WARNING **: 15:28:09.899: ../../../../gobject/gsignal.c:3492: signal name 'selection_changed' is invalid for instance '0x7eff221d7290' of type 'MaiAtkType139'

(firefox:14260): GLib-GObject-WARNING **: 15:28:17.048: ../../../../gobject/gsignal.c:3492: signal name 'selection_changed' is invalid for instance '0x7eff221d7240' of type 'MaiAtkType139'

(firefox:14260): GLib-GObject-WARNING **: 15:28:17.532: ../../../../gobject/gsignal.c:3492: signal name 'selection_changed' is invalid for instance '0x7eff1c632790' of type 'MaiAtkType139'

(firefox:14260): GLib-GObject-WARNING **: 15:28:17.910: ../../../../gobject/gsignal.c:3492: signal name 'selection_changed' is invalid for instance '0x7eff219fe6a0' of type 'MaiAtkType139'

(firefox:14260): GLib-GObject-WARNING **: 15:28:18.371: ../../../../gobject/gsignal.c:3492: signal name 'selection_changed' is invalid for instance '0x7eff15fcf970' of type 'MaiAtkType139'

(firefox:14260): GLib-GObject-WARNING **: 15:28:18.734: ../../../../gobject/gsignal.c:3492: signal name 'selection_changed' is invalid for instance '0x7eff1eda9560' of type 'MaiAtkType139'

(firefox:14260): GLib-GObject-WARNING **: 15:28:19.088: ../../../../gobject/gsignal.c:3492: signal name 'selection_changed' is invalid for instance '0x7eff211073d0' of type 'MaiAtkType139'

(firefox:14260): GLib-GObject-WARNING **: 15:28:19.465: ../../../../gobject/gsignal.c:3492: signal name 'selection_changed' is invalid for instance '0x7eff2192bdd0' of type 'MaiAtkType139'

(firefox:14260): GLib-GObject-WARNING **: 15:28:19.812: ../../../../gobject/gsignal.c:3492: signal name 'selection_changed' is invalid for instance '0x7eff21d02970' of type 'MaiAtkType139'

(firefox:14260): GLib-GObject-WARNING **: 15:28:38.095: ../../../../gobject/gsignal.c:3492: signal name 'selection_changed' is invalid for instance '0x7eff18ccb240' of type 'MaiAtkType139'

(firefox:14260): GLib-GObject-WARNING **: 15:28:38.529: ../../../../gobject/gsignal.c:3492: signal name 'selection_changed' is invalid for instance '0x7eff20eff9c0' of type 'MaiAtkType139'

(firefox:14260): GLib-GObject-WARNING **: 15:28:38.907: ../../../../gobject/gsignal.c:3492: signal name 'selection_changed' is invalid for instance '0x7eff211e24c0' of type 'MaiAtkType139'

(firefox:14260): GLib-GObject-WARNING **: 15:28:39.343: ../../../../gobject/gsignal.c:3492: signal name 'selection_changed' is invalid for instance '0x7eff1eca9e20' of type 'MaiAtkType139'

(firefox:14260): GLib-GObject-WARNING **: 15:28:39.839: ../../../../gobject/gsignal.c:3492: signal name 'selection_changed' is invalid for instance '0x7eff219fef60' of type 'MaiAtkType139'

(firefox:14260): GLib-GObject-WARNING **: 15:33:59.686: ../../../../gobject/gsignal.c:3492: signal name 'selection_changed' is invalid for instance '0x7eff2258d100' of type 'MaiAtkType139'

(firefox:14260): GLib-GObject-WARNING **: 15:34:00.590: ../../../../gobject/gsignal.c:3492: signal name 'selection_changed' is invalid for instance '0x7eff21d9f0b0' of type 'MaiAtkType139'

(firefox:14260): GLib-GObject-WARNING **: 15:46:52.180: ../../../../gobject/gsignal.c:3492: signal name 'selection_changed' is invalid for instance '0x7eff2192b1f0' of type 'MaiAtkType139'

(firefox:14260): GLib-GObject-WARNING **: 15:46:53.216: ../../../../gobject/gsignal.c:3492: signal name 'selection_changed' is invalid for instance '0x7eff12adddd0' of type 'MaiAtkType139'

(firefox:14260): GLib-GObject-WARNING **: 15:48:15.423: ../../../../gobject/gsignal.c:3492: signal name 'selection_changed' is invalid for instance '0x7eff12adda10' of type 'MaiAtkType139'

(firefox:14260): GLib-GObject-WARNING **: 15:48:22.922: ../../../../gobject/gsignal.c:3492: signal name 'selection_changed' is invalid for instance '0x7eff18dad510' of type 'MaiAtkType139'

(firefox:14260): GLib-GObject-WARNING **: 15:48:23.505: ../../../../gobject/gsignal.c:3492: signal name 'selection_changed' is invalid for instance '0x7eff16a456a0' of type 'MaiAtkType139'

(firefox:14260): GLib-GObject-WARNING **: 15:48:24.370: ../../../../gobject/gsignal.c:3492: signal name 'selection_changed' is invalid for instance '0x7eff1b4a2ec0' of type 'MaiAtkType139'

(firefox:14260): GLib-GObject-WARNING **: 15:48:33.572: ../../../../gobject/gsignal.c:3492: signal name 'selection_changed' is invalid for instance '0x7eff18dadb00' of type 'MaiAtkType139'

(firefox:14260): GLib-GObject-WARNING **: 15:48:34.103: ../../../../gobject/gsignal.c:3492: signal name 'selection_changed' is invalid for instance '0x7eff1cd7e510' of type 'MaiAtkType139'

(firefox:14260): GLib-GObject-WARNING **: 15:48:44.469: ../../../../gobject/gsignal.c:3492: signal name 'selection_changed' is invalid for instance '0x7eff16a450b0' of type 'MaiAtkType139'

(firefox:14260): GLib-GObject-WARNING **: 15:48:45.410: ../../../../gobject/gsignal.c:3492: signal name 'selection_changed' is invalid for instance '0x7eff156d2d30' of type 'MaiAtkType139'

(firefox:14260): GLib-GObject-WARNING **: 15:49:05.934: ../../../../gobject/gsignal.c:3492: signal name 'selection_changed' is invalid for instance '0x7eff1eda9f60' of type 'MaiAtkType139'

(firefox:14260): GLib-GObject-WARNING **: 15:49:06.414: ../../../../gobject/gsignal.c:3492: signal name 'selection_changed' is invalid for instance '0x7eff128c2830' of type 'MaiAtkType139'
JavaScript error: https://www.google.com/xjs/_/js/k=xjs.s.en_GB.psu1loQ4uXE.O/ck=xjs.s.h06r6vim4hnk.L.F4.O/m=Fkg7bd,HcFEGb,IvlUe,MC8mtf,OF7gzc,RMhBfe,T4BAC,TJw5qb,TbaHGc,Y33vzc,ZyRBae,cdos,cr,hsm,iDPoPb,jsa,mvYTse,tg8oTe,uz938c,vWNDde,ws9Tlc,yQ43ff,d,csi/am=AAAAFgFmugHg-T8KAFAXAIBAu8AGCwQgIMNC/d=1/dg=2/rs=ACT90oFLruy2QUL51bK6dkt62eRMuJZlOw, line 172: URIError: malformed URI sequence
Exiting due to channel error.
Exiting due to channel error.
Exiting due to channel error.
1563059262503	mozrunner::runner	INFO	Running command: "/usr/bin/firefox" "-marionette" "-foreground" "-no-remote" "-profile" "/tmp/rust_mozprofile.2AuCutNwSfnG"
1563059262978	addons.webextension.screenshots@mozilla.org	WARN	Loading extension 'screenshots@mozilla.org': Reading manifest: Invalid extension permission: mozillaAddons
1563059262979	addons.webextension.screenshots@mozilla.org	WARN	Loading extension 'screenshots@mozilla.org': Reading manifest: Invalid extension permission: resource://pdf.js/
1563059262979	addons.webextension.screenshots@mozilla.org	WARN	Loading extension 'screenshots@mozilla.org': Reading manifest: Invalid extension permission: about:reader*
1563059265052	Marionette	INFO	Listening on port 41241
1563059265113	Marionette	WARN	TLS certificate errors will be ignored for this session
Exiting due to channel error.
[GFX1-]: Receive IPC close with reason=AbnormalShutdown
[Child 25595, Chrome_ChildThread] WARNING: pipe error (3): Connection reset by peer: file /build/firefox-S440dE/firefox-67.0.4+linuxmint1+tessa/ipc/chromium/src/chrome/common/ipc_channel_posix.cc, line 357
Exiting due to channel error.
Exiting due to channel error.
1563064373734	mozrunner::runner	INFO	Running command: "/usr/bin/firefox" "-marionette" "-foreground" "-no-remote" "-profile" "/tmp/rust_mozprofile.8uKv7HQHm8Mr"
1563064374257	addons.webextension.screenshots@mozilla.org	WARN	Loading extension 'screenshots@mozilla.org': Reading manifest: Invalid extension permission: mozillaAddons
1563064374258	addons.webextension.screenshots@mozilla.org	WARN	Loading extension 'screenshots@mozilla.org': Reading manifest: Invalid extension permission: resource://pdf.js/
1563064374258	addons.webextension.screenshots@mozilla.org	WARN	Loading extension 'screenshots@mozilla.org': Reading manifest: Invalid extension permission: about:reader*
1563064376427	Marionette	INFO	Listening on port 37815
1563064376525	Marionette	WARN	TLS certificate errors will be ignored for this session
console.error: BroadcastService: 
  receivedBroadcastMessage: handler for
  remote-settings/monitor_changes
  threw error:
  Message: Error: Polling for changes failed: http://%(server)s/dummy/blocklist//buckets/monitor/collections/changes/records?_expected=%221563062407121%22 is not a valid URL..
  Stack:
    remoteSettingsFunction/remoteSettings.pollChanges@resource://services-settings/remote-settings.js:203:13

Exiting due to channel error.
Exiting due to channel error.
Exiting due to channel error.
1563065201685	mozrunner::runner	INFO	Running command: "/usr/bin/firefox" "-marionette" "-foreground" "-no-remote" "-profile" "/tmp/rust_mozprofile.LJ4PZ7fjAPrB"
1563065202152	addons.webextension.screenshots@mozilla.org	WARN	Loading extension 'screenshots@mozilla.org': Reading manifest: Invalid extension permission: mozillaAddons
1563065202152	addons.webextension.screenshots@mozilla.org	WARN	Loading extension 'screenshots@mozilla.org': Reading manifest: Invalid extension permission: resource://pdf.js/
1563065202152	addons.webextension.screenshots@mozilla.org	WARN	Loading extension 'screenshots@mozilla.org': Reading manifest: Invalid extension permission: about:reader*
1563065204056	Marionette	INFO	Listening on port 45749
1563065204127	Marionette	WARN	TLS certificate errors will be ignored for this session
Exiting due to channel error.
Exiting due to channel error.
Exiting due to channel error.
1563065234168	mozrunner::runner	INFO	Running command: "/usr/bin/firefox" "-marionette" "-foreground" "-no-remote" "-profile" "/tmp/rust_mozprofile.2MrUnqDTtrwo"
1563065234682	addons.webextension.screenshots@mozilla.org	WARN	Loading extension 'screenshots@mozilla.org': Reading manifest: Invalid extension permission: mozillaAddons
1563065234683	addons.webextension.screenshots@mozilla.org	WARN	Loading extension 'screenshots@mozilla.org': Reading manifest: Invalid extension permission: resource://pdf.js/
1563065234683	addons.webextension.screenshots@mozilla.org	WARN	Loading extension 'screenshots@mozilla.org': Reading manifest: Invalid extension permission: about:reader*
1563065236696	Marionette	INFO	Listening on port 38369
1563065236786	Marionette	WARN	TLS certificate errors will be ignored for this session
console.error: BroadcastService: 
  receivedBroadcastMessage: handler for
  remote-settings/monitor_changes
  threw error:
  Message: Error: Polling for changes failed: http://%(server)s/dummy/blocklist//buckets/monitor/collections/changes/records?_expected=%221563062407121%22 is not a valid URL..
  Stack:
    remoteSettingsFunction/remoteSettings.pollChanges@resource://services-settings/remote-settings.js:203:13

JavaScript error: https://www.google.com/xjs/_/js/k=xjs.s.en_GB.psu1loQ4uXE.O/ck=xjs.s.h06r6vim4hnk.L.F4.O/m=Fkg7bd,HcFEGb,IvlUe,MC8mtf,OF7gzc,RMhBfe,T4BAC,TJw5qb,TbaHGc,Y33vzc,ZyRBae,cdos,cr,hsm,iDPoPb,jsa,mvYTse,tg8oTe,uz938c,vWNDde,ws9Tlc,yQ43ff,d,csi/am=AAAAFgFmugHg-T8KAFAXAIBAu8AGCwQgIMNC/d=1/dg=2/rs=ACT90oFLruy2QUL51bK6dkt62eRMuJZlOw, line 172: URIError: malformed URI sequence
JavaScript error: https://www.google.com/xjs/_/js/k=xjs.s.en_GB.psu1loQ4uXE.O/ck=xjs.s.h06r6vim4hnk.L.F4.O/m=Fkg7bd,HcFEGb,IvlUe,MC8mtf,OF7gzc,RMhBfe,T4BAC,TJw5qb,TbaHGc,Y33vzc,ZyRBae,cdos,cr,hsm,iDPoPb,jsa,mvYTse,tg8oTe,uz938c,vWNDde,ws9Tlc,yQ43ff,d,csi/am=AAAAFgFmugHg-T8KAFAXAIBAu8AGCwQgIMNC/d=1/dg=2/rs=ACT90oFLruy2QUL51bK6dkt62eRMuJZlOw, line 172: URIError: malformed URI sequence

(firefox:31029): GLib-GObject-WARNING **: 11:07:11.993: ../../../../gobject/gsignal.c:3492: signal name 'selection_changed' is invalid for instance '0x7f1e8ad9eb50' of type 'MaiAtkType139'

(firefox:31029): GLib-GObject-WARNING **: 11:07:12.597: ../../../../gobject/gsignal.c:3492: signal name 'selection_changed' is invalid for instance '0x7f1e849a8380' of type 'MaiAtkType139'

(firefox:31029): GLib-GObject-WARNING **: 11:33:54.805: ../../../../gobject/gsignal.c:3492: signal name 'selection_changed' is invalid for instance '0x7f1e81ef8290' of type 'MaiAtkType139'

(firefox:31029): GLib-GObject-WARNING **: 11:33:55.351: ../../../../gobject/gsignal.c:3492: signal name 'selection_changed' is invalid for instance '0x7f1e6edbd100' of type 'MaiAtkType139'

(firefox:31029): GLib-GObject-WARNING **: 11:36:13.767: ../../../../gobject/gsignal.c:3492: signal name 'selection_changed' is invalid for instance '0x7f1e6ed9dab0' of type 'MaiAtkType139'

(firefox:31029): GLib-GObject-WARNING **: 11:36:24.192: ../../../../gobject/gsignal.c:3492: signal name 'selection_changed' is invalid for instance '0x7f1e6f4be7e0' of type 'MaiAtkType139'

(firefox:31029): GLib-GObject-WARNING **: 11:36:24.793: ../../../../gobject/gsignal.c:3492: signal name 'selection_changed' is invalid for instance '0x7f1e7c09fb50' of type 'MaiAtkType139'

(firefox:31029): GLib-GObject-WARNING **: 11:36:25.411: ../../../../gobject/gsignal.c:3492: signal name 'selection_changed' is invalid for instance '0x7f1e6e2d4100' of type 'MaiAtkType139'

(firefox:31029): GLib-GObject-WARNING **: 11:36:36.073: ../../../../gobject/gsignal.c:3492: signal name 'selection_changed' is invalid for instance '0x7f1e7ec8fb50' of type 'MaiAtkType139'

(firefox:31029): GLib-GObject-WARNING **: 11:36:36.528: ../../../../gobject/gsignal.c:3492: signal name 'selection_changed' is invalid for instance '0x7f1e6edbdd30' of type 'MaiAtkType139'

(firefox:31029): GLib-GObject-WARNING **: 11:36:52.941: ../../../../gobject/gsignal.c:3492: signal name 'selection_changed' is invalid for instance '0x7f1e84a44f10' of type 'MaiAtkType139'

(firefox:31029): GLib-GObject-WARNING **: 11:36:53.414: ../../../../gobject/gsignal.c:3492: signal name 'selection_changed' is invalid for instance '0x7f1e6f4bea10' of type 'MaiAtkType139'

(firefox:31029): GLib-GObject-WARNING **: 11:37:28.295: ../../../../gobject/gsignal.c:3492: signal name 'selection_changed' is invalid for instance '0x7f1e84a44f10' of type 'MaiAtkType139'

(firefox:31029): GLib-GObject-WARNING **: 11:37:28.796: ../../../../gobject/gsignal.c:3492: signal name 'selection_changed' is invalid for instance '0x7f1e6edbdc40' of type 'MaiAtkType139'

(firefox:31029): GLib-GObject-WARNING **: 14:04:46.626: ../../../../gobject/gsignal.c:3492: signal name 'selection_changed' is invalid for instance '0x7f1e8647be70' of type 'MaiAtkType139'

(firefox:31029): GLib-GObject-WARNING **: 17:03:49.548: ../../../../gobject/gsignal.c:3492: signal name 'selection_changed' is invalid for instance '0x7f1e8a89b0b0' of type 'MaiAtkType139'

(firefox:31029): GLib-GObject-WARNING **: 17:03:50.013: ../../../../gobject/gsignal.c:3492: signal name 'selection_changed' is invalid for instance '0x7f1e8a68c4c0' of type 'MaiAtkType139'
JavaScript error: https://www.google.com/xjs/_/js/k=xjs.s.en_GB.psu1loQ4uXE.O/ck=xjs.s.h06r6vim4hnk.L.F4.O/m=Fkg7bd,HcFEGb,IvlUe,MC8mtf,OF7gzc,RMhBfe,T4BAC,TJw5qb,TbaHGc,Y33vzc,ZyRBae,cdos,cr,hsm,iDPoPb,jsa,mvYTse,tg8oTe,uz938c,vWNDde,ws9Tlc,yQ43ff,d,csi/am=AAAAFgFmugHg-T8KAFAXAIBAu8AGCwQgIMNC/d=1/dg=2/rs=ACT90oFLruy2QUL51bK6dkt62eRMuJZlOw, line 172: URIError: malformed URI sequence
Exiting due to channel error.
Exiting due to channel error.
Exiting due to channel error.
1572813488222	mozrunner::runner	INFO	Running command: "/usr/bin/firefox" "-marionette" "-foreground" "-no-remote" "-profile" "/tmp/rust_mozprofile.TY2vqz9wgYeF"
1572813489608	addons.webextension.screenshots@mozilla.org	WARN	Loading extension 'screenshots@mozilla.org': Reading manifest: Invalid extension permission: mozillaAddons
1572813489608	addons.webextension.screenshots@mozilla.org	WARN	Loading extension 'screenshots@mozilla.org': Reading manifest: Invalid extension permission: telemetry
1572813489609	addons.webextension.screenshots@mozilla.org	WARN	Loading extension 'screenshots@mozilla.org': Reading manifest: Invalid extension permission: resource://pdf.js/
1572813489610	addons.webextension.screenshots@mozilla.org	WARN	Loading extension 'screenshots@mozilla.org': Reading manifest: Invalid extension permission: about:reader*
1572813494221	Marionette	INFO	Listening on port 39803
1572813494289	Marionette	WARN	TLS certificate errors will be ignored for this session
1572813839927	mozrunner::runner	INFO	Running command: "/usr/bin/firefox" "-marionette" "-foreground" "-no-remote" "-profile" "/tmp/rust_mozprofile.k18b53pO3HrG"
1572813840847	addons.webextension.screenshots@mozilla.org	WARN	Loading extension 'screenshots@mozilla.org': Reading manifest: Invalid extension permission: mozillaAddons
1572813840847	addons.webextension.screenshots@mozilla.org	WARN	Loading extension 'screenshots@mozilla.org': Reading manifest: Invalid extension permission: telemetry
1572813840848	addons.webextension.screenshots@mozilla.org	WARN	Loading extension 'screenshots@mozilla.org': Reading manifest: Invalid extension permission: resource://pdf.js/
1572813840848	addons.webextension.screenshots@mozilla.org	WARN	Loading extension 'screenshots@mozilla.org': Reading manifest: Invalid extension permission: about:reader*
1572813844535	Marionette	INFO	Listening on port 36315
1572813844589	Marionette	WARN	TLS certificate errors will be ignored for this session
1572814027578	Marionette	INFO	Stopped listening on port 39803
Exiting due to channel error.
[Child 22139, Chrome_ChildThread] WARNING: pipe error (3): Connection reset by peer: file /build/firefox-h_4iRq/firefox-69.0.3+linuxmint1+tina/ipc/chromium/src/chrome/common/ipc_channel_posix.cc, line 358
Exiting due to channel error.
[GFX1-]: Receive IPC close with reason=AbnormalShutdown
[Child 22119, Chrome_ChildThread] WARNING: pipe error (3): Connection reset by peer: file /build/firefox-h_4iRq/firefox-69.0.3+linuxmint1+tina/ipc/chromium/src/chrome/common/ipc_channel_posix.cc, line 358
Exiting due to channel error.
